
> Run

>> STEP@1
total 216
-rw-r--r--  1 root root  2219 Sep 15 11:45 ACKNOWLEDGMENTS
-rw-r--r--  1 root root   542 Sep 15 11:45 ADOPTERS.md
-rw-r--r--  1 root root   349 Sep 15 11:45 AUTHORS
-rw-r--r--  1 root root   122 Sep 15 11:45 BUILD
-rw-r--r--  1 root root  5293 Sep 15 11:45 CODE_OF_CONDUCT.md
-rw-r--r--  1 root root  9339 Sep 15 11:45 CONTRIBUTING.md
-rw-r--r--  1 root root   598 Sep 15 11:45 ISSUES.md
-rw-r--r--  1 root root  2088 Sep 15 11:45 ISSUE_TEMPLATE.md
-rw-r--r--  1 root root 11419 Sep 15 11:45 LICENSE
-rw-r--r--  1 root root 11662 Sep 15 11:45 README.md
-rw-r--r--  1 root root  1666 Sep 15 11:45 RELEASE.md
-rw-r--r--  1 root root 11443 Sep 15 11:45 WORKSPACE
-rw-r--r--  1 root root  1218 Sep 15 11:45 arm_compiler.BUILD
drwxr-xr-x  6 root root  4096 Sep 15 11:45 cibuild
-rwxr-xr-x  1 root root   380 Sep 15 11:45 configure
-rw-r--r--  1 root root   780 Sep 15 11:45 configure.cmd
-rw-r--r--  1 root root 58216 Sep 15 11:45 configure.py
drwxr-xr-x 16 root root  4096 Sep 15 11:45 docs
-rw-r--r--  1 root root     8 Sep 15 11:45 git_pull.sh
-rw-r--r--  1 root root    55 Sep 15 11:45 git_reset_pull.sh
-rw-r--r--  1 root root   328 Sep 15 11:45 models.BUILD
drwxr-xr-x 15 root root  4096 Sep 15 11:45 modelzoo
drwxr-xr-x  2 root root  4096 Sep 15 11:45 scripts
drwxr-xr-x  5 root root  4096 Sep 15 11:45 serving
drwxr-xr-x  9 root root  4096 Sep 15 11:45 sparse_operation_kit
drwxr-xr-x 18 root root  4096 Sep 15 11:45 tensorflow
drwxr-xr-x  3 root root  4096 Sep 15 11:45 tests
drwxr-xr-x 43 root root  4096 Sep 15 11:45 third_party
drwxr-xr-x  8 root root  4096 Sep 15 11:45 tianchi
drwxr-xr-x  2 root root  4096 Sep 15 11:45 tools
drwxr-xr-x  2 root root  4096 Sep 15 11:45 triton

>> STEP@2
You have bazel 0.26.1 installed.
Do you wish to build TensorFlow with XLA JIT support? [Y/n]: XLA JIT support will be enabled for TensorFlow.

Do you wish to build TensorFlow with STAR support? [Y/n]: STAR support will be enabled for TensorFlow.

Do you wish to build TensorFlow with PMEM support? [y/N]: No PMEM support will be enabled for TensorFlow.

Do you wish to build TensorFlow with GPU_EV support? [y/N]: No GPU_EV support will be enabled for TensorFlow.

Do you wish to build TensorFlow with OpenCL SYCL support? [y/N]: No OpenCL SYCL support will be enabled for TensorFlow.

Do you wish to build TensorFlow with ROCm support? [y/N]: No ROCm support will be enabled for TensorFlow.

Do you wish to build TensorFlow with MPI support? [y/N]: No MPI support will be enabled for TensorFlow.

Please specify optimization flags to use during compilation when bazel option "--config=opt" is specified [Default is -march=native -Wno-sign-compare]: 

Preconfigured Bazel build configs. You can use any of the below by adding "--config=<>" to your build command. See .bazelrc for more details.
	--config=mkl         	# Build with MKL support.
	--config=monolithic  	# Config for mostly static monolithic build.
	--config=gdr         	# Build with GDR support.
	--config=verbs       	# Build with libverbs support.
	--config=ngraph      	# Build with Intel nGraph support.
	--config=numa        	# Build with NUMA support.
	--config=dynamic_kernels	# (Experimental) Build kernels into separate shared objects.
	--config=v2          	# Build TensorFlow 2.x instead of 1.x.
Preconfigured Bazel build configs to DISABLE default on features:
	--config=noaws       	# Disable AWS S3 filesystem support.
	--config=nogcp       	# Disable GCP support.
	--config=nohdfs      	# Disable HDFS support.
	--config=noignite    	# Disable Apache Ignite support.
	--config=nokafka     	# Disable Apache Kafka support.
	--config=nonccl      	# Disable NVIDIA NCCL support.
Configuration finished

>> STEP@3
