
> Run

>> STEP@1
total 228
-rw-r--r--  1 root root  2219 Nov  1 19:02 ACKNOWLEDGMENTS
-rw-r--r--  1 root root   542 Nov  1 19:02 ADOPTERS.md
-rw-r--r--  1 root root   349 Nov  1 19:02 AUTHORS
-rw-r--r--  1 root root   122 Nov  1 19:02 BUILD
-rw-r--r--  1 root root  5293 Nov  1 19:02 CODE_OF_CONDUCT.md
-rw-r--r--  1 root root  9339 Nov  1 19:02 CONTRIBUTING.md
-rw-r--r--  1 root root   598 Nov  1 19:02 ISSUES.md
-rw-r--r--  1 root root  2088 Nov  1 19:02 ISSUE_TEMPLATE.md
-rw-r--r--  1 root root 11419 Nov  1 19:02 LICENSE
-rw-r--r--  1 root root  9093 Nov  1 19:02 README.md
-rw-r--r--  1 root root  1666 Nov  1 19:02 RELEASE.md
-rw-r--r--  1 root root 11443 Nov  1 19:02 WORKSPACE
-rw-r--r--  1 root root  1218 Nov  1 19:02 arm_compiler.BUILD
lrwxrwxrwx  1 root root    87 Nov  1 19:03 bazel-DeepRec -> /root/.cache/bazel/_bazel_root/6765af20e976177b6e84412db20e0c14/execroot/org_tensorflow
lrwxrwxrwx  1 root root   108 Nov  1 19:03 bazel-bin -> /root/.cache/bazel/_bazel_root/6765af20e976177b6e84412db20e0c14/execroot/org_tensorflow/bazel-out/k8-opt/bin
lrwxrwxrwx  1 root root   108 Nov  1 19:03 bazel-genfiles -> /root/.cache/bazel/_bazel_root/6765af20e976177b6e84412db20e0c14/execroot/org_tensorflow/bazel-out/k8-opt/bin
lrwxrwxrwx  1 root root    97 Nov  1 19:03 bazel-out -> /root/.cache/bazel/_bazel_root/6765af20e976177b6e84412db20e0c14/execroot/org_tensorflow/bazel-out
lrwxrwxrwx  1 root root   113 Nov  1 19:03 bazel-testlogs -> /root/.cache/bazel/_bazel_root/6765af20e976177b6e84412db20e0c14/execroot/org_tensorflow/bazel-out/k8-opt/testlogs
drwxr-xr-x  6 root root  4096 Nov  1 19:02 cibuild
-rwxr-xr-x  1 root root   380 Nov  1 19:02 configure
-rw-r--r--  1 root root   780 Nov  1 19:02 configure.cmd
-rw-r--r--  1 root root 58216 Nov  1 19:02 configure.py
drwxr-xr-x 16 root root  4096 Nov  1 19:02 docs
-rw-r--r--  1 root root   328 Nov  1 19:02 models.BUILD
drwxr-xr-x 15 root root  4096 Nov  1 19:02 modelzoo
drwxr-xr-x  2 root root  4096 Nov  1 19:02 scripts
drwxr-xr-x  5 root root  4096 Nov  1 19:02 serving
drwxr-xr-x  9 root root  4096 Nov  1 19:02 sparse_operation_kit
drwxr-xr-x 18 root root  4096 Nov  1 19:02 tensorflow
drwxr-xr-x  3 root root  4096 Nov  1 19:02 tests
drwxr-xr-x 43 root root  4096 Nov  1 19:02 third_party
drwxr-xr-x  8 root root  4096 Nov  1 19:02 tianchi
drwxr-xr-x  2 root root  4096 Nov  1 19:02 tools
drwxr-xr-x  2 root root  4096 Nov  1 19:02 triton

>> STEP@5
