
> Run

>> STEP@1
total 228
-rw-rw-rw-   1 1000 1000  2219 Nov 12 09:06 ACKNOWLEDGMENTS
-rw-rw-rw-   1 1000 1000   542 Nov 12 09:06 ADOPTERS.md
-rw-rw-rw-   1 1000 1000   349 Nov 12 09:06 AUTHORS
-rw-rw-rw-   1 1000 1000   122 Nov 12 09:06 BUILD
-rw-rw-rw-   1 1000 1000  5293 Nov 12 09:06 CODE_OF_CONDUCT.md
-rw-rw-rw-   1 1000 1000  9339 Nov 12 09:06 CONTRIBUTING.md
-rw-rw-rw-   1 1000 1000   598 Nov 12 09:06 ISSUES.md
-rw-rw-rw-   1 1000 1000  2088 Nov 12 09:06 ISSUE_TEMPLATE.md
-rw-rw-rw-   1 1000 1000 11419 Nov 12 09:06 LICENSE
-rw-rw-rw-   1 1000 1000  9093 Nov 12 09:06 README.md
-rw-rw-rw-   1 1000 1000  1666 Nov 12 09:06 RELEASE.md
-rw-rw-rw-   1 1000 1000 11443 Nov 12 09:06 WORKSPACE
-rw-rw-rw-   1 1000 1000  1218 Nov 12 09:06 arm_compiler.BUILD
lrwxrwxrwx   1 root root    87 Nov 12 09:21 bazel-DeepRec -> /root/.cache/bazel/_bazel_root/6765af20e976177b6e84412db20e0c14/execroot/org_tensorflow
lrwxrwxrwx   1 root root   108 Nov 12 09:21 bazel-bin -> /root/.cache/bazel/_bazel_root/6765af20e976177b6e84412db20e0c14/execroot/org_tensorflow/bazel-out/k8-opt/bin
lrwxrwxrwx   1 root root   108 Nov 12 09:21 bazel-genfiles -> /root/.cache/bazel/_bazel_root/6765af20e976177b6e84412db20e0c14/execroot/org_tensorflow/bazel-out/k8-opt/bin
lrwxrwxrwx   1 root root    97 Nov 12 09:21 bazel-out -> /root/.cache/bazel/_bazel_root/6765af20e976177b6e84412db20e0c14/execroot/org_tensorflow/bazel-out
lrwxrwxrwx   1 root root   113 Nov 12 09:21 bazel-testlogs -> /root/.cache/bazel/_bazel_root/6765af20e976177b6e84412db20e0c14/execroot/org_tensorflow/bazel-out/k8-opt/testlogs
drwxrwxrwx+  6 1000 root  4096 Nov 12 09:06 cibuild
-rwxrwxrwx   1 1000 1000   380 Nov 12 09:06 configure
-rw-rw-rw-   1 1000 1000   780 Nov 12 09:06 configure.cmd
-rw-rw-rw-   1 1000 1000 58216 Nov 12 09:06 configure.py
drwxrwxrwx+ 16 1000 root  4096 Nov 12 09:06 docs
-rw-rw-rw-   1 1000 1000   328 Nov 12 09:06 models.BUILD
drwxrwxrwx+ 15 1000 root  4096 Nov 12 09:06 modelzoo
drwxrwxrwx+  2 1000 root  4096 Nov 12 09:06 scripts
drwxrwxrwx+  5 1000 root  4096 Nov 12 09:06 serving
drwxrwxrwx+  9 1000 root  4096 Nov 12 09:06 sparse_operation_kit
drwxrwxrwx+ 18 1000 root  4096 Nov 12 09:06 tensorflow
drwxrwxrwx+  3 1000 root  4096 Nov 12 08:42 tests
drwxrwxrwx+ 43 1000 root  4096 Nov 12 09:06 third_party
drwxrwxrwx+  8 1000 root  4096 Nov 12 09:06 tianchi
drwxrwxrwx+  2 1000 root  4096 Nov 12 09:20 tools
drwxrwxrwx+  2 1000 root  4096 Nov 12 09:06 triton

>> STEP@2
You have bazel 0.26.1 installed.
Do you wish to build TensorFlow with XLA JIT support? [Y/n]: XLA JIT support will be enabled for TensorFlow.

Do you wish to build TensorFlow with STAR support? [Y/n]: STAR support will be enabled for TensorFlow.

Do you wish to build TensorFlow with PMEM support? [y/N]: No PMEM support will be enabled for TensorFlow.

Do you wish to build TensorFlow with GPU_EV support? [y/N]: No GPU_EV support will be enabled for TensorFlow.

Do you wish to build TensorFlow with OpenCL SYCL support? [y/N]: No OpenCL SYCL support will be enabled for TensorFlow.

Do you wish to build TensorFlow with ROCm support? [y/N]: No ROCm support will be enabled for TensorFlow.

Do you wish to build TensorFlow with MPI support? [y/N]: No MPI support will be enabled for TensorFlow.

Please specify optimization flags to use during compilation when bazel option "--config=opt" is specified [Default is -march=native -Wno-sign-compare]: 

Preconfigured Bazel build configs. You can use any of the below by adding "--config=<>" to your build command. See .bazelrc for more details.
	--config=mkl         	# Build with MKL support.
	--config=monolithic  	# Config for mostly static monolithic build.
	--config=gdr         	# Build with GDR support.
	--config=verbs       	# Build with libverbs support.
	--config=ngraph      	# Build with Intel nGraph support.
	--config=numa        	# Build with NUMA support.
	--config=dynamic_kernels	# (Experimental) Build kernels into separate shared objects.
	--config=v2          	# Build TensorFlow 2.x instead of 1.x.
Preconfigured Bazel build configs to DISABLE default on features:
	--config=noaws       	# Disable AWS S3 filesystem support.
	--config=nogcp       	# Disable GCP support.
	--config=nohdfs      	# Disable HDFS support.
	--config=noignite    	# Disable Apache Ignite support.
	--config=nokafka     	# Disable Apache Kafka support.
	--config=nonccl      	# Disable NVIDIA NCCL support.
Configuration finished

>> STEP@3

>> STEP@4
Sat Nov 12 11:13:33 UTC 2022 : === Preparing sources in dir: /tmp/tmp.qQE9oiFJNE
/pro/DeepRec /pro/DeepRec
/pro/DeepRec
/tmp/tmp.qQE9oiFJNE/tensorflow/include /pro/DeepRec
/pro/DeepRec
Sat Nov 12 11:13:47 UTC 2022 : === Building wheel
Sat Nov 12 11:14:14 UTC 2022 : === Output wheel file is in: /pkg/tensorflow_pkg
> Run
