
> Run

>> STEP@1
total 228
-rw-r--r--  1 root root  2219 Oct 24 15:08 ACKNOWLEDGMENTS
-rw-r--r--  1 root root   542 Oct 24 15:08 ADOPTERS.md
-rw-r--r--  1 root root   349 Oct 24 15:08 AUTHORS
-rw-r--r--  1 root root   122 Oct 24 15:08 BUILD
-rw-r--r--  1 root root  5293 Oct 24 15:08 CODE_OF_CONDUCT.md
-rw-r--r--  1 root root  9339 Oct 24 15:08 CONTRIBUTING.md
-rw-r--r--  1 root root   598 Oct 24 15:08 ISSUES.md
-rw-r--r--  1 root root  2088 Oct 24 15:08 ISSUE_TEMPLATE.md
-rw-r--r--  1 root root 11419 Oct 24 15:08 LICENSE
-rw-r--r--  1 root root  9093 Oct 24 15:08 README.md
-rw-r--r--  1 root root  1666 Oct 24 15:08 RELEASE.md
-rw-r--r--  1 root root 11443 Oct 24 15:08 WORKSPACE
-rw-r--r--  1 root root  1218 Oct 24 15:08 arm_compiler.BUILD
lrwxrwxrwx  1 root root    87 Oct 24 15:16 bazel-DeepRec -> /root/.cache/bazel/_bazel_root/6765af20e976177b6e84412db20e0c14/execroot/org_tensorflow
lrwxrwxrwx  1 root root   108 Oct 24 15:16 bazel-bin -> /root/.cache/bazel/_bazel_root/6765af20e976177b6e84412db20e0c14/execroot/org_tensorflow/bazel-out/k8-opt/bin
lrwxrwxrwx  1 root root   108 Oct 24 15:16 bazel-genfiles -> /root/.cache/bazel/_bazel_root/6765af20e976177b6e84412db20e0c14/execroot/org_tensorflow/bazel-out/k8-opt/bin
lrwxrwxrwx  1 root root    97 Oct 24 15:16 bazel-out -> /root/.cache/bazel/_bazel_root/6765af20e976177b6e84412db20e0c14/execroot/org_tensorflow/bazel-out
lrwxrwxrwx  1 root root   113 Oct 24 15:16 bazel-testlogs -> /root/.cache/bazel/_bazel_root/6765af20e976177b6e84412db20e0c14/execroot/org_tensorflow/bazel-out/k8-opt/testlogs
drwxr-xr-x  6 root root  4096 Oct 24 15:08 cibuild
-rwxr-xr-x  1 root root   380 Oct 24 15:08 configure
-rw-r--r--  1 root root   780 Oct 24 15:08 configure.cmd
-rw-r--r--  1 root root 58216 Oct 24 15:08 configure.py
drwxr-xr-x 16 root root  4096 Oct 24 15:08 docs
-rw-r--r--  1 root root   328 Oct 24 15:08 models.BUILD
drwxr-xr-x 15 root root  4096 Oct 24 15:08 modelzoo
drwxr-xr-x  2 root root  4096 Oct 24 15:08 scripts
drwxr-xr-x  5 root root  4096 Oct 24 15:08 serving
drwxr-xr-x  9 root root  4096 Oct 24 15:08 sparse_operation_kit
drwxr-xr-x 18 root root  4096 Oct 24 15:08 tensorflow
drwxr-xr-x  3 root root  4096 Oct 24 15:08 tests
drwxr-xr-x 43 root root  4096 Oct 24 15:08 third_party
drwxr-xr-x  8 root root  4096 Oct 24 15:08 tianchi
drwxr-xr-x  2 root root  4096 Oct 24 15:16 tools
drwxr-xr-x  2 root root  4096 Oct 24 15:08 triton

>> STEP@2
You have bazel 0.26.1 installed.
Do you wish to build TensorFlow with XLA JIT support? [Y/n]: XLA JIT support will be enabled for TensorFlow.

Do you wish to build TensorFlow with STAR support? [Y/n]: STAR support will be enabled for TensorFlow.

Do you wish to build TensorFlow with PMEM support? [y/N]: No PMEM support will be enabled for TensorFlow.

Do you wish to build TensorFlow with GPU_EV support? [y/N]: No GPU_EV support will be enabled for TensorFlow.

Do you wish to build TensorFlow with OpenCL SYCL support? [y/N]: No OpenCL SYCL support will be enabled for TensorFlow.

Do you wish to build TensorFlow with ROCm support? [y/N]: No ROCm support will be enabled for TensorFlow.

Do you wish to build TensorFlow with MPI support? [y/N]: No MPI support will be enabled for TensorFlow.

Please specify optimization flags to use during compilation when bazel option "--config=opt" is specified [Default is -march=native -Wno-sign-compare]: 

Preconfigured Bazel build configs. You can use any of the below by adding "--config=<>" to your build command. See .bazelrc for more details.
	--config=mkl         	# Build with MKL support.
	--config=monolithic  	# Config for mostly static monolithic build.
	--config=gdr         	# Build with GDR support.
	--config=verbs       	# Build with libverbs support.
	--config=ngraph      	# Build with Intel nGraph support.
	--config=numa        	# Build with NUMA support.
	--config=dynamic_kernels	# (Experimental) Build kernels into separate shared objects.
	--config=v2          	# Build TensorFlow 2.x instead of 1.x.
Preconfigured Bazel build configs to DISABLE default on features:
	--config=noaws       	# Disable AWS S3 filesystem support.
	--config=nogcp       	# Disable GCP support.
	--config=nohdfs      	# Disable HDFS support.
	--config=noignite    	# Disable Apache Ignite support.
	--config=nokafka     	# Disable Apache Kafka support.
	--config=nonccl      	# Disable NVIDIA NCCL support.
Configuration finished

>> STEP@3

>> STEP@4
Wed Oct 26 19:26:32 UTC 2022 : === Preparing sources in dir: /tmp/tmp.2gdhPe4r9e
/pro/DeepRec /pro/DeepRec
/pro/DeepRec
/tmp/tmp.2gdhPe4r9e/tensorflow/include /pro/DeepRec
/pro/DeepRec
Wed Oct 26 19:26:38 UTC 2022 : === Building wheel
Wed Oct 26 19:27:00 UTC 2022 : === Output wheel file is in: /pkg/tensorflow_pkg
> Run
