
> Run

>> STEP@1
total 236
-rw-r--r--  1 root root  2219 Oct 14 14:54 ACKNOWLEDGMENTS
-rw-r--r--  1 root root   542 Oct 14 14:54 ADOPTERS.md
-rw-r--r--  1 root root   349 Oct 14 14:54 AUTHORS
-rw-r--r--  1 root root   122 Oct 14 14:54 BUILD
-rw-r--r--  1 root root  5293 Oct 14 14:54 CODE_OF_CONDUCT.md
-rw-r--r--  1 root root  9339 Oct 14 14:54 CONTRIBUTING.md
-rw-r--r--  1 root root   598 Oct 14 14:54 ISSUES.md
-rw-r--r--  1 root root  2088 Oct 14 14:54 ISSUE_TEMPLATE.md
-rw-r--r--  1 root root 11419 Oct 14 14:54 LICENSE
-rw-r--r--  1 root root 11642 Oct 14 14:54 README.md
-rw-r--r--  1 root root  1666 Oct 14 14:54 RELEASE.md
-rw-r--r--  1 root root 11443 Oct 14 14:54 WORKSPACE
-rw-r--r--  1 root root  1218 Oct 14 14:54 arm_compiler.BUILD
lrwxrwxrwx  1 root root    87 Oct 14 15:13 bazel-DeepRec -> /root/.cache/bazel/_bazel_root/6765af20e976177b6e84412db20e0c14/execroot/org_tensorflow
lrwxrwxrwx  1 root root   108 Oct 14 15:13 bazel-bin -> /root/.cache/bazel/_bazel_root/6765af20e976177b6e84412db20e0c14/execroot/org_tensorflow/bazel-out/k8-opt/bin
lrwxrwxrwx  1 root root   108 Oct 14 15:13 bazel-genfiles -> /root/.cache/bazel/_bazel_root/6765af20e976177b6e84412db20e0c14/execroot/org_tensorflow/bazel-out/k8-opt/bin
lrwxrwxrwx  1 root root    97 Oct 14 15:13 bazel-out -> /root/.cache/bazel/_bazel_root/6765af20e976177b6e84412db20e0c14/execroot/org_tensorflow/bazel-out
lrwxrwxrwx  1 root root   113 Oct 14 15:13 bazel-testlogs -> /root/.cache/bazel/_bazel_root/6765af20e976177b6e84412db20e0c14/execroot/org_tensorflow/bazel-out/k8-opt/testlogs
drwxr-xr-x  6 root root  4096 Oct 14 14:54 cibuild
-rwxr-xr-x  1 root root   380 Oct 14 14:54 configure
-rw-r--r--  1 root root   780 Oct 14 14:54 configure.cmd
-rw-r--r--  1 root root 58216 Oct 14 14:54 configure.py
drwxr-xr-x 16 root root  4096 Oct 14 14:54 docs
-rw-r--r--  1 root root     8 Oct 14 14:54 git_pull.sh
-rw-r--r--  1 root root    55 Oct 14 14:54 git_reset_pull.sh
-rw-r--r--  1 root root   328 Oct 14 14:54 models.BUILD
drwxr-xr-x 19 root root  4096 Oct 14 14:54 modelzoo
drwxr-xr-x  2 root root  4096 Oct 14 14:54 scripts
drwxr-xr-x  6 root root  4096 Oct 14 14:54 serving
drwxr-xr-x  9 root root  4096 Oct 14 14:54 sparse_operation_kit
drwxr-xr-x 18 root root  4096 Oct 14 14:54 tensorflow
drwxr-xr-x  3 root root  4096 Oct 14 14:54 tests
drwxr-xr-x 43 root root  4096 Oct 14 14:54 third_party
drwxr-xr-x  8 root root  4096 Oct 15 03:39 tianchi
drwxr-xr-x  3 root root  4096 Oct 14 15:12 tools
drwxr-xr-x  2 root root  4096 Oct 14 14:54 triton

>> STEP@5
Found existing installation: tensorflow 1.15.5+deeprec2206
Uninstalling tensorflow-1.15.5+deeprec2206:
  Successfully uninstalled tensorflow-1.15.5+deeprec2206
Looking in indexes: http://mirrors.aliyun.com/pypi/simple/
Processing /pkg/tensorflow_pkg/tensorflow-1.15.5+deeprec2206-cp36-cp36m-linux_x86_64.whl
Requirement already satisfied: opt-einsum>=2.3.2 in /home/pai/lib/python3.6/site-packages (from tensorflow==1.15.5+deeprec2206) (3.3.0)
Requirement already satisfied: gast==0.3.3 in /home/pai/lib/python3.6/site-packages (from tensorflow==1.15.5+deeprec2206) (0.3.3)
Requirement already satisfied: tensorflow-estimator<1.15.5,>=1.15.1 in /home/pai/lib/python3.6/site-packages (from tensorflow==1.15.5+deeprec2206) (1.15.2)
Requirement already satisfied: keras-preprocessing>=1.0.5 in /home/pai/lib/python3.6/site-packages (from tensorflow==1.15.5+deeprec2206) (1.1.2)
Requirement already satisfied: numpy<1.19.0,>=1.16.0 in /home/pai/lib/python3.6/site-packages (from tensorflow==1.15.5+deeprec2206) (1.18.5)
Requirement already satisfied: tensorboard<1.16.0,>=1.15.0 in /home/pai/lib/python3.6/site-packages (from tensorflow==1.15.5+deeprec2206) (1.15.0)
Requirement already satisfied: grpcio>=1.8.6 in /home/pai/lib/python3.6/site-packages (from tensorflow==1.15.5+deeprec2206) (1.47.0)
Requirement already satisfied: h5py<=2.10.0 in /home/pai/lib/python3.6/site-packages (from tensorflow==1.15.5+deeprec2206) (2.10.0)
Requirement already satisfied: wrapt>=1.11.1 in /home/pai/lib/python3.6/site-packages (from tensorflow==1.15.5+deeprec2206) (1.14.1)
Requirement already satisfied: keras-applications>=1.0.8 in /home/pai/lib/python3.6/site-packages (from tensorflow==1.15.5+deeprec2206) (1.0.8)
Requirement already satisfied: six>=1.10.0 in /home/pai/lib/python3.6/site-packages (from tensorflow==1.15.5+deeprec2206) (1.16.0)
Requirement already satisfied: termcolor>=1.1.0 in /home/pai/lib/python3.6/site-packages (from tensorflow==1.15.5+deeprec2206) (1.1.0)
Requirement already satisfied: wheel>=0.26 in /home/pai/lib/python3.6/site-packages (from tensorflow==1.15.5+deeprec2206) (0.37.1)
Requirement already satisfied: absl-py>=0.9.0 in /home/pai/lib/python3.6/site-packages (from tensorflow==1.15.5+deeprec2206) (1.1.0)
Requirement already satisfied: protobuf>=3.6.1 in /home/pai/lib/python3.6/site-packages (from tensorflow==1.15.5+deeprec2206) (4.21.0)
Requirement already satisfied: astor==0.8.1 in /home/pai/lib/python3.6/site-packages (from tensorflow==1.15.5+deeprec2206) (0.8.1)
Requirement already satisfied: astunparse==1.6.3 in /home/pai/lib/python3.6/site-packages (from tensorflow==1.15.5+deeprec2206) (1.6.3)
Requirement already satisfied: google-pasta>=0.1.6 in /home/pai/lib/python3.6/site-packages (from tensorflow==1.15.5+deeprec2206) (0.2.0)
Requirement already satisfied: setuptools>=41.0.0 in /home/pai/lib/python3.6/site-packages (from tensorboard<1.16.0,>=1.15.0->tensorflow==1.15.5+deeprec2206) (59.6.0)
Requirement already satisfied: werkzeug>=0.11.15 in /home/pai/lib/python3.6/site-packages (from tensorboard<1.16.0,>=1.15.0->tensorflow==1.15.5+deeprec2206) (2.0.3)
Requirement already satisfied: markdown>=2.6.8 in /home/pai/lib/python3.6/site-packages (from tensorboard<1.16.0,>=1.15.0->tensorflow==1.15.5+deeprec2206) (3.3.7)
Requirement already satisfied: importlib-metadata>=4.4 in /home/pai/lib/python3.6/site-packages (from markdown>=2.6.8->tensorboard<1.16.0,>=1.15.0->tensorflow==1.15.5+deeprec2206) (4.8.3)
Requirement already satisfied: zipp>=0.5 in /home/pai/lib/python3.6/site-packages (from importlib-metadata>=4.4->markdown>=2.6.8->tensorboard<1.16.0,>=1.15.0->tensorflow==1.15.5+deeprec2206) (3.6.0)
Requirement already satisfied: typing-extensions>=3.6.4 in /home/pai/lib/python3.6/site-packages (from importlib-metadata>=4.4->markdown>=2.6.8->tensorboard<1.16.0,>=1.15.0->tensorflow==1.15.5+deeprec2206) (4.1.1)
Requirement already satisfied: dataclasses in /home/pai/lib/python3.6/site-packages (from werkzeug>=0.11.15->tensorboard<1.16.0,>=1.15.0->tensorflow==1.15.5+deeprec2206) (0.8)
Installing collected packages: tensorflow
Successfully installed tensorflow-1.15.5+deeprec2206

>> STEP@6
Using TensorFlow version 1.15.5
Checking dataset...
Numbers of training dataset is 1086120
Numbers of test dataset is 121216
The training steps is 2700
The testing steps is 237
Saving model checkpoints to ./result/model_DIEN_1665805688
Training completed.
Evaluation complate:[100/237]
Evaluation complate:[200/237]
Evaluation complate:[237/237]
ACC = 0.6801742315292358
AUC = 0.7527897357940674
Total Time: 389.5908086199779 (s)
{'DIEN (s)': '389.5908086199779', 'DIEN_auc': '0.75278974', 'score': '389.5908086199779'}
> Run
