
> Run

>> STEP@1
total 228
-rw-r--r--  1 root root  2219 Oct 29 13:08 ACKNOWLEDGMENTS
-rw-r--r--  1 root root   542 Oct 29 13:08 ADOPTERS.md
-rw-r--r--  1 root root   349 Oct 29 13:08 AUTHORS
-rw-r--r--  1 root root   122 Oct 29 13:08 BUILD
-rw-r--r--  1 root root  5293 Oct 29 13:08 CODE_OF_CONDUCT.md
-rw-r--r--  1 root root  9339 Oct 29 13:08 CONTRIBUTING.md
-rw-r--r--  1 root root   598 Oct 29 13:08 ISSUES.md
-rw-r--r--  1 root root  2088 Oct 29 13:08 ISSUE_TEMPLATE.md
-rw-r--r--  1 root root 11419 Oct 29 13:08 LICENSE
-rw-r--r--  1 root root  9093 Oct 29 13:08 README.md
-rw-r--r--  1 root root  1666 Oct 29 13:08 RELEASE.md
-rw-r--r--  1 root root 11443 Oct 29 13:08 WORKSPACE
-rw-r--r--  1 root root  1218 Oct 29 13:08 arm_compiler.BUILD
lrwxrwxrwx  1 root root    87 Oct 29 13:09 bazel-DeepRec -> /root/.cache/bazel/_bazel_root/6765af20e976177b6e84412db20e0c14/execroot/org_tensorflow
lrwxrwxrwx  1 root root   108 Oct 29 13:09 bazel-bin -> /root/.cache/bazel/_bazel_root/6765af20e976177b6e84412db20e0c14/execroot/org_tensorflow/bazel-out/k8-opt/bin
lrwxrwxrwx  1 root root   108 Oct 29 13:09 bazel-genfiles -> /root/.cache/bazel/_bazel_root/6765af20e976177b6e84412db20e0c14/execroot/org_tensorflow/bazel-out/k8-opt/bin
lrwxrwxrwx  1 root root    97 Oct 29 13:09 bazel-out -> /root/.cache/bazel/_bazel_root/6765af20e976177b6e84412db20e0c14/execroot/org_tensorflow/bazel-out
lrwxrwxrwx  1 root root   113 Oct 29 13:09 bazel-testlogs -> /root/.cache/bazel/_bazel_root/6765af20e976177b6e84412db20e0c14/execroot/org_tensorflow/bazel-out/k8-opt/testlogs
drwxr-xr-x  6 root root  4096 Oct 29 13:08 cibuild
-rwxr-xr-x  1 root root   380 Oct 29 13:08 configure
-rw-r--r--  1 root root   780 Oct 29 13:08 configure.cmd
-rw-r--r--  1 root root 58216 Oct 29 13:08 configure.py
drwxr-xr-x 16 root root  4096 Oct 29 13:08 docs
-rw-r--r--  1 root root   328 Oct 29 13:08 models.BUILD
drwxr-xr-x 15 root root  4096 Oct 29 13:08 modelzoo
drwxr-xr-x  2 root root  4096 Oct 29 13:08 scripts
drwxr-xr-x  5 root root  4096 Oct 29 13:08 serving
drwxr-xr-x  9 root root  4096 Oct 29 13:08 sparse_operation_kit
drwxr-xr-x 18 root root  4096 Oct 29 13:08 tensorflow
drwxr-xr-x  3 root root  4096 Oct 29 13:08 tests
drwxr-xr-x 43 root root  4096 Oct 29 13:08 third_party
drwxr-xr-x  8 root root  4096 Oct 29 13:08 tianchi
drwxr-xr-x  2 root root  4096 Oct 29 13:09 tools
drwxr-xr-x  2 root root  4096 Oct 29 13:08 triton

>> STEP@5
