
> Run

>> STEP@1
total 216
-rw-r--r--  1 root root  2219 Nov 13 21:25 ACKNOWLEDGMENTS
-rw-r--r--  1 root root   542 Nov 13 21:25 ADOPTERS.md
-rw-r--r--  1 root root   349 Nov 13 21:25 AUTHORS
-rw-r--r--  1 root root   122 Nov 13 21:25 BUILD
-rw-r--r--  1 root root  5293 Nov 13 21:25 CODE_OF_CONDUCT.md
-rw-r--r--  1 root root  9339 Nov 13 21:25 CONTRIBUTING.md
-rw-r--r--  1 root root   598 Nov 13 21:25 ISSUES.md
-rw-r--r--  1 root root  2088 Nov 13 21:25 ISSUE_TEMPLATE.md
-rw-r--r--  1 root root 11419 Nov 13 21:25 LICENSE
-rw-r--r--  1 root root  9093 Nov 13 21:25 README.md
-rw-r--r--  1 root root  1666 Nov 13 21:25 RELEASE.md
-rw-r--r--  1 root root 14863 Nov 13 21:25 WORKSPACE
-rw-r--r--  1 root root  1218 Nov 13 21:25 arm_compiler.BUILD
drwxr-xr-x  6 root root  4096 Nov 13 21:25 cibuild
-rwxr-xr-x  1 root root   380 Nov 13 21:25 configure
-rw-r--r--  1 root root   780 Nov 13 21:25 configure.cmd
-rw-r--r--  1 root root 58216 Nov 13 21:25 configure.py
drwxr-xr-x 16 root root  4096 Nov 13 21:25 docs
-rw-r--r--  1 root root   328 Nov 13 21:25 models.BUILD
drwxr-xr-x 15 root root  4096 Nov 13 21:25 modelzoo
drwxr-xr-x  2 root root  4096 Nov 13 21:25 scripts
drwxr-xr-x  5 root root  4096 Nov 13 21:25 serving
drwxr-xr-x  9 root root  4096 Nov 13 21:25 sparse_operation_kit
drwxr-xr-x 18 root root  4096 Nov 13 21:25 tensorflow
drwxr-xr-x  3 root root  4096 Nov 13 21:25 tests
drwxr-xr-x  8 root root  4096 Nov 13 21:25 text
drwxr-xr-x 43 root root  4096 Nov 13 21:25 third_party
drwxr-xr-x  8 root root  4096 Nov 13 21:25 tianchi
drwxr-xr-x  2 root root  4096 Nov 13 21:25 tools
drwxr-xr-x  2 root root  4096 Nov 13 21:25 triton

>> STEP@2
You have bazel 0.26.1 installed.
Do you wish to build TensorFlow with XLA JIT support? [Y/n]: XLA JIT support will be enabled for TensorFlow.

Do you wish to build TensorFlow with STAR support? [Y/n]: STAR support will be enabled for TensorFlow.

Do you wish to build TensorFlow with PMEM support? [y/N]: No PMEM support will be enabled for TensorFlow.

Do you wish to build TensorFlow with GPU_EV support? [y/N]: No GPU_EV support will be enabled for TensorFlow.

Do you wish to build TensorFlow with OpenCL SYCL support? [y/N]: No OpenCL SYCL support will be enabled for TensorFlow.

Do you wish to build TensorFlow with ROCm support? [y/N]: No ROCm support will be enabled for TensorFlow.

Do you wish to build TensorFlow with MPI support? [y/N]: No MPI support will be enabled for TensorFlow.

Please specify optimization flags to use during compilation when bazel option "--config=opt" is specified [Default is -march=native -Wno-sign-compare]: 

Preconfigured Bazel build configs. You can use any of the below by adding "--config=<>" to your build command. See .bazelrc for more details.
	--config=mkl         	# Build with MKL support.
	--config=monolithic  	# Config for mostly static monolithic build.
	--config=gdr         	# Build with GDR support.
	--config=verbs       	# Build with libverbs support.
	--config=ngraph      	# Build with Intel nGraph support.
	--config=numa        	# Build with NUMA support.
	--config=dynamic_kernels	# (Experimental) Build kernels into separate shared objects.
	--config=v2          	# Build TensorFlow 2.x instead of 1.x.
Preconfigured Bazel build configs to DISABLE default on features:
	--config=noaws       	# Disable AWS S3 filesystem support.
	--config=nogcp       	# Disable GCP support.
	--config=nohdfs      	# Disable HDFS support.
	--config=noignite    	# Disable Apache Ignite support.
	--config=nokafka     	# Disable Apache Kafka support.
	--config=nonccl      	# Disable NVIDIA NCCL support.
Configuration finished

>> STEP@3

>> STEP@4
Sun Nov 13 22:43:04 UTC 2022 : === Preparing sources in dir: /tmp/tmp.UkrqzsbwQD
/pro/DeepRec /pro/DeepRec
/pro/DeepRec
/tmp/tmp.UkrqzsbwQD/tensorflow/include /pro/DeepRec
/pro/DeepRec
Sun Nov 13 22:43:16 UTC 2022 : === Building wheel
Sun Nov 13 22:43:47 UTC 2022 : === Output wheel file is in: /pkg/tensorflow_pkg
> Run
