
> Run

>> STEP@1
total 236
-rw-r--r--  1 root root  2219 Nov  9 21:46 ACKNOWLEDGMENTS
-rw-r--r--  1 root root   542 Nov  9 21:46 ADOPTERS.md
-rw-r--r--  1 root root   349 Nov  9 21:46 AUTHORS
-rw-r--r--  1 root root   122 Nov  9 21:46 BUILD
-rw-r--r--  1 root root  5293 Nov  9 21:46 CODE_OF_CONDUCT.md
-rw-r--r--  1 root root  9339 Nov  9 21:46 CONTRIBUTING.md
-rw-r--r--  1 root root   598 Nov  9 21:46 ISSUES.md
-rw-r--r--  1 root root  2088 Nov  9 21:46 ISSUE_TEMPLATE.md
-rw-r--r--  1 root root 11419 Nov  9 21:46 LICENSE
-rw-r--r--  1 root root  9093 Nov  9 21:46 README.md
-rw-r--r--  1 root root  1666 Nov  9 21:46 RELEASE.md
-rw-r--r--  1 root root 14863 Nov 10 13:04 WORKSPACE
-rw-r--r--  1 root root  1218 Nov  9 21:46 arm_compiler.BUILD
lrwxrwxrwx  1 root root    87 Nov  9 21:51 bazel-DeepRec -> /root/.cache/bazel/_bazel_root/6765af20e976177b6e84412db20e0c14/execroot/org_tensorflow
lrwxrwxrwx  1 root root   108 Nov  9 21:51 bazel-bin -> /root/.cache/bazel/_bazel_root/6765af20e976177b6e84412db20e0c14/execroot/org_tensorflow/bazel-out/k8-opt/bin
lrwxrwxrwx  1 root root   108 Nov  9 21:51 bazel-genfiles -> /root/.cache/bazel/_bazel_root/6765af20e976177b6e84412db20e0c14/execroot/org_tensorflow/bazel-out/k8-opt/bin
lrwxrwxrwx  1 root root    97 Nov  9 21:51 bazel-out -> /root/.cache/bazel/_bazel_root/6765af20e976177b6e84412db20e0c14/execroot/org_tensorflow/bazel-out
lrwxrwxrwx  1 root root   113 Nov  9 21:51 bazel-testlogs -> /root/.cache/bazel/_bazel_root/6765af20e976177b6e84412db20e0c14/execroot/org_tensorflow/bazel-out/k8-opt/testlogs
drwxr-xr-x  6 root root  4096 Nov  9 21:46 cibuild
-rwxr-xr-x  1 root root   380 Nov  9 21:46 configure
-rw-r--r--  1 root root   780 Nov  9 21:46 configure.cmd
-rw-r--r--  1 root root 58216 Nov  9 21:46 configure.py
drwxr-xr-x 16 root root  4096 Nov  9 21:46 docs
-rw-r--r--  1 root root   328 Nov  9 21:46 models.BUILD
drwxr-xr-x 15 root root  4096 Nov  9 21:46 modelzoo
drwxr-xr-x  2 root root  4096 Nov  9 21:46 scripts
drwxr-xr-x  5 root root  4096 Nov  9 21:46 serving
drwxr-xr-x  9 root root  4096 Nov  9 21:46 sparse_operation_kit
drwxr-xr-x 18 root root  4096 Nov  9 21:46 tensorflow
drwxr-xr-x  3 root root  4096 Nov  9 21:46 tests
drwxr-xr-x  8 root root  4096 Nov  9 21:46 text
drwxr-xr-x 43 root root  4096 Nov  9 21:46 third_party
drwxr-xr-x  8 root root  4096 Nov  9 21:46 tianchi
drwxr-xr-x  2 root root  4096 Nov  9 21:47 tools
drwxr-xr-x  2 root root  4096 Nov  9 21:46 triton

>> STEP@5
Found existing installation: tensorflow 1.15.5+deeprec2206
Uninstalling tensorflow-1.15.5+deeprec2206:
  Successfully uninstalled tensorflow-1.15.5+deeprec2206
Looking in indexes: http://mirrors.aliyun.com/pypi/simple/
Processing /pkg/tensorflow_pkg/tensorflow-1.15.5+deeprec2206-cp36-cp36m-linux_x86_64.whl
Requirement already satisfied: tensorboard<1.16.0,>=1.15.0 in /home/pai/lib/python3.6/site-packages (from tensorflow==1.15.5+deeprec2206) (1.15.0)
Requirement already satisfied: astunparse==1.6.3 in /home/pai/lib/python3.6/site-packages (from tensorflow==1.15.5+deeprec2206) (1.6.3)
Requirement already satisfied: grpcio>=1.8.6 in /home/pai/lib/python3.6/site-packages (from tensorflow==1.15.5+deeprec2206) (1.47.0)
Requirement already satisfied: wheel>=0.26 in /home/pai/lib/python3.6/site-packages (from tensorflow==1.15.5+deeprec2206) (0.37.1)
Requirement already satisfied: keras-applications>=1.0.8 in /home/pai/lib/python3.6/site-packages (from tensorflow==1.15.5+deeprec2206) (1.0.8)
Requirement already satisfied: astor==0.8.1 in /home/pai/lib/python3.6/site-packages (from tensorflow==1.15.5+deeprec2206) (0.8.1)
Requirement already satisfied: h5py<=2.10.0 in /home/pai/lib/python3.6/site-packages (from tensorflow==1.15.5+deeprec2206) (2.10.0)
Requirement already satisfied: absl-py>=0.9.0 in /home/pai/lib/python3.6/site-packages (from tensorflow==1.15.5+deeprec2206) (1.1.0)
Requirement already satisfied: opt-einsum>=2.3.2 in /home/pai/lib/python3.6/site-packages (from tensorflow==1.15.5+deeprec2206) (3.3.0)
Requirement already satisfied: gast==0.3.3 in /home/pai/lib/python3.6/site-packages (from tensorflow==1.15.5+deeprec2206) (0.3.3)
Requirement already satisfied: protobuf>=3.6.1 in /home/pai/lib/python3.6/site-packages (from tensorflow==1.15.5+deeprec2206) (4.21.0)
Requirement already satisfied: google-pasta>=0.1.6 in /home/pai/lib/python3.6/site-packages (from tensorflow==1.15.5+deeprec2206) (0.2.0)
Requirement already satisfied: tensorflow-estimator<1.15.5,>=1.15.1 in /home/pai/lib/python3.6/site-packages (from tensorflow==1.15.5+deeprec2206) (1.15.2)
Requirement already satisfied: wrapt>=1.11.1 in /home/pai/lib/python3.6/site-packages (from tensorflow==1.15.5+deeprec2206) (1.14.1)
Requirement already satisfied: numpy<1.19.0,>=1.16.0 in /home/pai/lib/python3.6/site-packages (from tensorflow==1.15.5+deeprec2206) (1.18.5)
Requirement already satisfied: six>=1.10.0 in /home/pai/lib/python3.6/site-packages (from tensorflow==1.15.5+deeprec2206) (1.16.0)
Requirement already satisfied: termcolor>=1.1.0 in /home/pai/lib/python3.6/site-packages (from tensorflow==1.15.5+deeprec2206) (1.1.0)
Requirement already satisfied: keras-preprocessing>=1.0.5 in /home/pai/lib/python3.6/site-packages (from tensorflow==1.15.5+deeprec2206) (1.1.2)
Requirement already satisfied: markdown>=2.6.8 in /home/pai/lib/python3.6/site-packages (from tensorboard<1.16.0,>=1.15.0->tensorflow==1.15.5+deeprec2206) (3.3.7)
Requirement already satisfied: werkzeug>=0.11.15 in /home/pai/lib/python3.6/site-packages (from tensorboard<1.16.0,>=1.15.0->tensorflow==1.15.5+deeprec2206) (2.0.3)
Requirement already satisfied: setuptools>=41.0.0 in /home/pai/lib/python3.6/site-packages (from tensorboard<1.16.0,>=1.15.0->tensorflow==1.15.5+deeprec2206) (59.6.0)
Requirement already satisfied: importlib-metadata>=4.4 in /home/pai/lib/python3.6/site-packages (from markdown>=2.6.8->tensorboard<1.16.0,>=1.15.0->tensorflow==1.15.5+deeprec2206) (4.8.3)
Requirement already satisfied: typing-extensions>=3.6.4 in /home/pai/lib/python3.6/site-packages (from importlib-metadata>=4.4->markdown>=2.6.8->tensorboard<1.16.0,>=1.15.0->tensorflow==1.15.5+deeprec2206) (4.1.1)
Requirement already satisfied: zipp>=0.5 in /home/pai/lib/python3.6/site-packages (from importlib-metadata>=4.4->markdown>=2.6.8->tensorboard<1.16.0,>=1.15.0->tensorflow==1.15.5+deeprec2206) (3.6.0)
Requirement already satisfied: dataclasses in /home/pai/lib/python3.6/site-packages (from werkzeug>=0.11.15->tensorboard<1.16.0,>=1.15.0->tensorflow==1.15.5+deeprec2206) (0.8)
Installing collected packages: tensorflow
Successfully installed tensorflow-1.15.5+deeprec2206

>> STEP@6
Using TensorFlow version 1.15.5
Checking dataset...
Numbers of training dataset is 1086120
Numbers of test dataset is 121216
The training steps is 2700
The testing steps is 237
Saving model checkpoints to ./result/model_DIEN_1668243417
Training completed.
Evaluation complate:[100/237]
Evaluation complate:[200/237]
Evaluation complate:[237/237]
ACC = 0.6766928434371948
AUC = 0.749337375164032
Using TensorFlow version 1.15.5
Checking dataset...
Numbers of training dataset is 1086120
Numbers of test dataset is 121216
The training steps is 16000
The testing steps is 237
Saving model checkpoints to ./result/model_DIN_1668243844
Training completed.
Evaluation complate:[100/237]
Evaluation complate:[200/237]
Evaluation complate:[237/237]
ACC = 0.6769733428955078
AUC = 0.7168982028961182
Using TensorFlow version 1.15.5
Checking dataset...
The training steps is 11600
The testing steps is 977
Saving model checkpoints to ./result/model_DLRM_1668244213
Training completed.
Evaluation complate:[100/977]
Evaluation complate:[200/977]
Evaluation complate:[300/977]
Evaluation complate:[400/977]
Evaluation complate:[500/977]
Evaluation complate:[600/977]
Evaluation complate:[700/977]
Evaluation complate:[800/977]
Evaluation complate:[900/977]
Evaluation complate:[977/977]
ACC = 0.758296012878418
AUC = 0.5452501773834229
Using TensorFlow version 1.15.5
Checking dataset...
The training steps is 700
The testing steps is 977
Saving model checkpoints to ./result/model_DeepFM_1668244598
Training completed.
Evaluation complate:[100/977]
Evaluation complate:[200/977]
Evaluation complate:[300/977]
Evaluation complate:[400/977]
Evaluation complate:[500/977]
Evaluation complate:[600/977]
Evaluation complate:[700/977]
Evaluation complate:[800/977]
Evaluation complate:[900/977]
Evaluation complate:[977/977]
ACC = 0.806518018245697
AUC = 0.5237270593643188
