
> Run

>> STEP@1
total 252
-rw-r--r--   1 1000 1000  2219 Nov 12 11:50 ACKNOWLEDGMENTS
-rw-r--r--   1 1000 1000   542 Nov 12 11:50 ADOPTERS.md
-rw-r--r--   1 1000 1000   349 Nov 12 11:50 AUTHORS
-rw-r--r--   1 1000 1000   122 Nov 12 11:50 BUILD
-rw-r--r--   1 1000 1000  3058 Jul  2  2021 CODEOWNERS
-rw-r--r--   1 1000 1000  5293 Nov 12 11:50 CODE_OF_CONDUCT.md
-rw-r--r--   1 1000 1000  9339 Nov 12 11:50 CONTRIBUTING.md
-rw-r--r--   1 1000 1000   598 Nov 12 11:50 ISSUES.md
-rw-r--r--   1 1000 1000  2088 Nov 12 11:50 ISSUE_TEMPLATE.md
-rw-r--r--   1 1000 1000 11419 Nov 12 11:50 LICENSE
-rw-r--r--   1 1000 1000  9093 Nov 12 11:50 README.md
-rw-r--r--   1 1000 1000  3245 Jul  2  2021 README_ONEDNN.md
-rw-r--r--   1 1000 1000  1666 Nov 12 11:50 RELEASE.md
-rw-r--r--   1 1000 1000 13161 Jul  2  2021 SECURITY.md
-rw-r--r--   1 1000 1000 11443 Nov 12 11:50 WORKSPACE
-rw-r--r--   1 1000 1000  1218 Nov 12 11:50 arm_compiler.BUILD
lrwxrwxrwx   1 root root    87 Nov 12 11:59 bazel-DeepRec -> /root/.cache/bazel/_bazel_root/6765af20e976177b6e84412db20e0c14/execroot/org_tensorflow
lrwxrwxrwx   1 root root   108 Nov 12 11:59 bazel-bin -> /root/.cache/bazel/_bazel_root/6765af20e976177b6e84412db20e0c14/execroot/org_tensorflow/bazel-out/k8-opt/bin
lrwxrwxrwx   1 root root   108 Nov 12 11:59 bazel-genfiles -> /root/.cache/bazel/_bazel_root/6765af20e976177b6e84412db20e0c14/execroot/org_tensorflow/bazel-out/k8-opt/bin
lrwxrwxrwx   1 root root    97 Nov 12 11:59 bazel-out -> /root/.cache/bazel/_bazel_root/6765af20e976177b6e84412db20e0c14/execroot/org_tensorflow/bazel-out
lrwxrwxrwx   1 root root   113 Nov 12 11:59 bazel-testlogs -> /root/.cache/bazel/_bazel_root/6765af20e976177b6e84412db20e0c14/execroot/org_tensorflow/bazel-out/k8-opt/testlogs
drwxr-xr-x+  6 1000 1000  4096 Nov 12 11:50 cibuild
-rwxr-xr-x   1 1000 1000   380 Nov 12 11:50 configure
-rw-r--r--   1 1000 1000   780 Nov 12 11:50 configure.cmd
-rw-r--r--   1 1000 1000 58216 Nov 12 11:50 configure.py
drwxr-xr-x+ 16 1000 1000  4096 Nov 12 11:50 docs
-rw-r--r--   1 1000 1000   328 Nov 12 11:50 models.BUILD
drwxr-xr-x+ 15 1000 1000  4096 Nov 12 11:50 modelzoo
drwxr-xr-x+  2 1000 1000  4096 Nov 12 11:50 scripts
drwxr-xr-x+  5 1000 1000  4096 Nov 12 11:50 serving
drwxr-xr-x+  9 1000 1000  4096 Nov 12 11:50 sparse_operation_kit
drwxr-xr-x+ 18 1000 1000  4096 Jul  2  2021 tensorflow
drwxr-xr-x+  3 1000 1000  4096 Nov 12 11:50 tests
drwxr-xr-x+ 43 1000 1000  4096 Nov 12 11:50 third_party
drwxr-xr-x+  8 1000 1000  4096 Nov 12 11:50 tianchi
drwxr-xr-x+  2 1000 1000  4096 Nov 12 11:58 tools
drwxr-xr-x+  2 1000 1000  4096 Nov 12 11:50 triton

>> STEP@5
Found existing installation: tensorflow 1.15.5+deeprec2206
Uninstalling tensorflow-1.15.5+deeprec2206:
  Successfully uninstalled tensorflow-1.15.5+deeprec2206
Looking in indexes: http://mirrors.aliyun.com/pypi/simple/
Processing /pkg/tensorflow_pkg/tensorflow-1.15.5+deeprec2206-cp36-cp36m-linux_x86_64.whl

>> STEP@6
> Run
